# JRE version: Java(TM) SE Runtime Environment 18.9 (11.0.24+7) (build 11.0.24+7-LTS-271)
# Java VM: Java HotSpot(TM) 64-Bit Server VM 18.9 (11.0.24+7-LTS-271, mixed mode, tiered, compressed oops, g1 gc, windows-amd64)
Heap:
 garbage-first heap   total 147456K, used 90019K [0x00000000c0000000, 0x0000000100000000)
  region size 1024K, 41 young (41984K), 0 survivors (0K)
 Metaspace       used 74127K, capacity 76734K, committed 76928K, reserved 1114112K
  class space    used 10012K, capacity 11281K, committed 11392K, reserved 1048576K
GC Heap History (10 events):
Event: 1.947 GC heap before
{Heap before GC invocations=5 (full 0):
 garbage-first heap   total 258048K, used 103503K [0x00000000c0000000, 0x0000000100000000)
  region size 1024K, 82 young (83968K), 5 survivors (5120K)
 Metaspace       used 34801K, capacity 35578K, committed 35628K, reserved 1081344K
  class space    used 4459K, capacity 4850K, committed 4864K, reserved 1048576K
}
Event: 1.954 GC heap after
{Heap after GC invocations=6 (full 0):
 garbage-first heap   total 258048K, used 29515K [0x00000000c0000000, 0x0000000100000000)
  region size 1024K, 9 young (9216K), 9 survivors (9216K)
 Metaspace       used 34801K, capacity 35578K, committed 35628K, reserved 1081344K
  class space    used 4459K, capacity 4850K, committed 4864K, reserved 1048576K
}
Event: 2.687 GC heap before
{Heap before GC invocations=7 (full 0):
 garbage-first heap   total 258048K, used 138059K [0x00000000c0000000, 0x0000000100000000)
  region size 1024K, 116 young (118784K), 9 survivors (9216K)
 Metaspace       used 47106K, capacity 48324K, committed 48512K, reserved 1091584K
  class space    used 6134K, capacity 6719K, committed 6784K, reserved 1048576K
}
Event: 2.723 GC heap after
{Heap after GC invocations=8 (full 0):
 garbage-first heap   total 258048K, used 33423K [0x00000000c0000000, 0x0000000100000000)
  region size 1024K, 10 young (10240K), 10 survivors (10240K)
 Metaspace       used 47106K, capacity 48324K, committed 48512K, reserved 1091584K
  class space    used 6134K, capacity 6719K, committed 6784K, reserved 1048576K
}
Event: 3.262 GC heap before
{Heap before GC invocations=8 (full 0):
 garbage-first heap   total 258048K, used 117391K [0x00000000c0000000, 0x0000000100000000)
  region size 1024K, 94 young (96256K), 10 survivors (10240K)
 Metaspace       used 58113K, capacity 59798K, committed 59808K, reserved 1101824K
  class space    used 7480K, capacity 8320K, committed 8320K, reserved 1048576K
}
Event: 3.292 GC heap after
{Heap after GC invocations=9 (full 0):
 garbage-first heap   total 258048K, used 36918K [0x00000000c0000000, 0x0000000100000000)
  region size 1024K, 14 young (14336K), 14 survivors (14336K)
 Metaspace       used 58113K, capacity 59798K, committed 59808K, reserved 1101824K
  class space    used 7480K, capacity 8320K, committed 8320K, reserved 1048576K
}
Event: 27.446 GC heap before
{Heap before GC invocations=10 (full 0):
 garbage-first heap   total 258048K, used 173110K [0x00000000c0000000, 0x0000000100000000)
  region size 1024K, 147 young (150528K), 14 survivors (14336K)
 Metaspace       used 71144K, capacity 73540K, committed 73728K, reserved 1112064K
  class space    used 9736K, capacity 10922K, committed 11008K, reserved 1048576K
}
Event: 27.454 GC heap after
{Heap after GC invocations=11 (full 0):
 garbage-first heap   total 258048K, used 42023K [0x00000000c0000000, 0x0000000100000000)
  region size 1024K, 13 young (13312K), 13 survivors (13312K)
 Metaspace       used 71144K, capacity 73540K, committed 73728K, reserved 1112064K
  class space    used 9736K, capacity 10922K, committed 11008K, reserved 1048576K
}
Event: 45.617 GC heap before
{Heap before GC invocations=11 (full 0):
 garbage-first heap   total 258048K, used 64551K [0x00000000c0000000, 0x0000000100000000)
  region size 1024K, 36 young (36864K), 13 survivors (13312K)
 Metaspace       used 72982K, capacity 75513K, committed 75776K, reserved 1114112K
  class space    used 10005K, capacity 11253K, committed 11264K, reserved 1048576K
}
Event: 45.702 GC heap after
{Heap after GC invocations=12 (full 1):
 garbage-first heap   total 147456K, used 40867K [0x00000000c0000000, 0x0000000100000000)
  region size 1024K, 0 young (0K), 0 survivors (0K)
 Metaspace       used 72946K, capacity 75461K, committed 75776K, reserved 1114112K
  class space    used 9993K, capacity 11234K, committed 11264K, reserved 1048576K
}

